<?xml version="1.0" encoding="UTF-8"?>
<!-- Generated by org.testng.reporters.JUnitReportReporter -->
<testsuite skipped="0" hostname="SAIPRAFFUL-PC" name="com.fbook.testclasses.LoginPageTest" tests="2" failures="0" timestamp="15 Mar 2018 11:40:17 GMT" time="56.032" errors="0">
  <testcase name="loginpagetitle" time="31.387" classname="com.fbook.testclasses.LoginPageTest"/>
  <testcase name="loginTest" time="24.645" classname="com.fbook.testclasses.LoginPageTest"/>
</testsuite> <!-- com.fbook.testclasses.LoginPageTest -->
