<?xml version="1.0" encoding="UTF-8"?>
<!-- Generated by org.testng.reporters.JUnitReportReporter -->
<testsuite skipped="0" hostname="SAIPRAFFUL-PC" name="com.fbook.testclasses.ForgottenAcctPageTest" tests="3" failures="0" timestamp="13 Mar 2018 07:45:07 GMT" time="94.220" errors="0">
  <testcase name="verifyForgottenAcctPageTitleTest" time="30.935" classname="com.fbook.testclasses.ForgottenAcctPageTest"/>
  <testcase name="verifyforgottenAcctPglabelTest" time="32.519" classname="com.fbook.testclasses.ForgottenAcctPageTest"/>
  <testcase name="EnteremailidTest" time="30.766" classname="com.fbook.testclasses.ForgottenAcctPageTest"/>
</testsuite> <!-- com.fbook.testclasses.ForgottenAcctPageTest -->
