<?xml version="1.0" encoding="UTF-8"?>
<!-- Generated by org.testng.reporters.JUnitReportReporter -->
<testsuite skipped="0" hostname="SAIPRAFFUL-PC" name="com.fbook.testclasses.CreatePageTest" tests="3" failures="0" timestamp="12 Mar 2018 07:08:18 GMT" time="84.537" errors="0">
  <testcase name="verifyCreatePageTitleTest" time="24.003" classname="com.fbook.testclasses.CreatePageTest"/>
  <testcase name="verifycreatepagelabelTest" time="29.360" classname="com.fbook.testclasses.CreatePageTest"/>
  <testcase name="clickOnForgottenAcctTest" time="31.174" classname="com.fbook.testclasses.CreatePageTest"/>
</testsuite> <!-- com.fbook.testclasses.CreatePageTest -->
